IQ-TREE multicore version 2.4.0 for MacOS ARM 64-bit built Mar  8 2025
Developed by Bui Quang Minh, Nguyen Lam Tung, Olga Chernomor, Heiko Schmidt,
Dominik Schrempf, Michael Woodhams, Ly Trong Nhan, Thomas Wong

Host:    sysbc-mac-584 (SSE4.2, 48 GB RAM)
Command: iqtree -s data/interim/asr_output/IPR019888_aligned.fasta -te data/interim/IPR019888.tree -asr -m WAG -T AUTO -redo
Seed:    938761 (Using SPRNG - Scalable Parallel Random Number Generator)
Time:    Mon Mar 30 14:36:22 2026
Kernel:  SSE2 - auto-detect threads (12 CPU cores detected)

Reading alignment file data/interim/asr_output/IPR019888_aligned.fasta ... Fasta format detected
Reading fasta file: done in 0.000309944 secs using 67.11% CPU
Alignment most likely contains protein sequences
Alignment has 79 sequences with 224 columns, 218 distinct patterns
170 parsimony-informative, 19 singleton sites, 35 constant sites
                       Gap/Ambiguity  Composition  p-value
Analyzing sequences: done in 6.48499e-05 secs using 61.68% CPU
   1  sp|I6YBQ3|LRPA_MYCTU    33.04%    failed      1.80%
   2  sp|P0ACJ0|LRP_ECOLI     26.79%    passed     67.63%
   3  sp|A0QVQ9|ALDR_MYCS2    23.66%    failed      3.72%
   4  sp|O59188|REG6_PYRHO    32.59%    passed     73.69%
   5  sp|P0ACI6|ASNC_ECOLI    32.14%    passed     81.84%
   6  sp|P71888|R2324_MYCTU   33.93%    failed      2.40%
   7  sp|B0R4X4|LRPA1_HALS3   36.61%    failed      0.14%
   8  sp|O33321|ALDR_MYCTU    20.09%    failed      2.69%
   9  sp|P0A2S0|LRP_SALTY     26.79%    passed     73.02%
  10  sp|P0ACJ5|DECR_ECOLI    32.14%    passed     30.11%
  11  sp|P37424|LRP_KLEPN     26.79%    passed     67.20%
  12  sp|P37425|LRP_SERMA     26.79%    passed     64.06%
  13  sp|P42180|REG7_PYRFU    37.05%    passed      6.11%
  14  sp|P95412|NIRD_PSEAE    33.04%    failed      0.01%
  15  sp|Q30WH3|AHBB_OLEA2    29.46%    passed     10.02%
  16  sp|Q30Y72|AHBA_OLEA2    26.79%    passed     29.99%
  17  sp|Q46CH5|AHBB_METBF    32.14%    passed     70.51%
  18  sp|Q46CH6|AHBA_METBF    18.75%    passed     91.19%
  19  sp|Q57615|PTR1_METJA    33.93%    passed     69.47%
  20  sp|Q58133|PTR2_METJA    37.50%    passed     10.02%
  21  sp|Q725I2|AHBB_NITV2    28.57%    failed      0.68%
  22  sp|Q980W9|LYSM_SACS2    36.61%    passed      7.24%
  23  sp|B0R717|LRP_HALS3     31.25%    failed      1.19%
  24  sp|E1V7V9|DOEX_HALED    29.46%    passed     56.59%
  25  sp|F8DT24|ZRP_ZYMMA     31.70%    passed     59.07%
  26  sp|F8DT92|GRP_ZYMMA     26.79%    passed     91.09%
  27  sp|O05217|YWRC_BACSU    29.46%    passed     78.78%
  28  sp|O05236|YUGG_BACSU    25.89%    passed     21.55%
  29  sp|O07920|AZLB_BACSU    29.91%    passed     64.24%
  30  sp|O31497|YEZC_BACSU    37.95%    failed      1.80%
  31  sp|O57818|REG1_PYRHO    30.80%    passed     79.85%
  32  sp|O57880|REG3_PYRHO    29.46%    passed     91.67%
  33  sp|O58782|REG5_PYRHO    29.02%    passed     16.74%
  34  sp|O59256|REG7_PYRHO    37.05%    passed     53.08%
  35  sp|O59309|REG8_PYRHO    33.93%    passed     69.16%
  36  sp|O59579|REG9_PYRHO    33.04%    passed     94.46%
  37  sp|P0ACI7|ASNC_ECOL6    32.14%    passed     81.84%
  38  sp|P0ACI8|ASNC_ECO57    32.14%    passed     81.84%
  39  sp|P0ACI9|ASNC_SHIFL    32.14%    passed     81.84%
  40  sp|P0ACJ1|LRP_ECOL6     26.79%    passed     67.63%
  41  sp|P0ACJ2|LRP_ECO57     26.79%    passed     67.63%
  42  sp|P0ACJ3|LRP_SHIFL     26.79%    passed     67.63%
  43  sp|P0ACJ4|LRP_KLEAE     26.79%    passed     67.63%
  44  sp|P0ACJ6|DECR_ECOL6    32.14%    passed     30.11%
  45  sp|P0ACJ7|DECR_ECO57    32.14%    passed     30.11%
  46  sp|P0DJA5|GRP_ZYMMO     26.79%    passed     88.76%
  47  sp|P0DJA6|ZRP_ZYMMO     31.70%    passed     64.75%
  48  sp|P42179|BKDR_PSEPU    28.12%    passed     27.81%
  49  sp|P44337|ASNC_HAEIN    33.04%    passed     85.29%
  50  sp|P44580|Y224_HAEIN    25.00%    passed      5.68%
  51  sp|P45265|LRP_HAEIN     25.89%    passed     90.46%
  52  sp|P50337|Y4SM_SINFN    43.30%    passed     97.91%
  53  sp|P55658|Y4TD_SINFN    24.55%    passed     70.36%
  54  sp|P56901|LRP_RHIME     30.36%    passed     10.23%
  55  sp|P96582|LRPC_BACSU    35.71%    passed     95.80%
  56  sp|P96652|LRPA_BACSU    39.29%    failed      4.76%
  57  sp|P96653|LRPB_BACSU    33.48%    failed      4.05%
  58  sp|Q44333|PUTR_AGRTU    30.36%    passed     96.25%
  59  sp|Q52524|NIRG_STUST    34.38%    failed      0.03%
  60  sp|Q52710|PUTR_RHOCA    31.25%    passed     48.87%
  61  sp|Q8U067|REG8_PYRFU    33.93%    passed     88.11%
  62  sp|Q8U0P3|REG6_PYRFU    32.59%    passed     51.89%
  63  sp|Q8U1H7|REG3_PYRFU    33.93%    passed     96.93%
  64  sp|Q8U445|REG9_PYRFU    33.04%    passed     75.75%
  65  sp|Q8U4M7|REG1_PYRFU    30.80%    passed     72.30%
  66  sp|Q976J7|LYSM_SULTO    37.50%    passed     50.05%
  67  sp|Q9I1M3|BKDR_PSEAE    31.70%    passed     29.94%
  68  sp|Q9UY16|REG9_PYRAB    33.04%    passed     95.85%
  69  sp|Q9V0Y9|REG6_PYRAB    32.59%    passed     76.17%
  70  sp|Q9V159|REG7_PYRAB    37.05%    passed     54.27%
  71  sp|Q9V1E5|REG8_PYRAB    34.38%    passed     34.90%
  72  sp|Q9V2D7|REG3_PYRAB    29.46%    passed     76.79%
  73  sp|Q9V2M0|REG1_PYRAB    30.80%    passed     90.00%
  74  sp|O57802|REG2_PYRHO    33.93%    passed     21.89%
  75  sp|O58741|REG4_PYRHO    27.68%    passed     59.61%
  76  sp|Q8TZE2|REG2_PYRFU    33.93%    passed     39.41%
  77  sp|Q8U2H1|REG4_PYRFU    27.68%    passed     39.20%
  78  sp|Q9V029|REG4_PYRAB    27.68%    passed     60.02%
  79  sp|Q9V2K6|REG2_PYRAB    33.93%    passed     55.63%
****  TOTAL                   31.11%  12 sequences failed composition chi2 test (p-value<5%; df=19)
Reading input tree file data/interim/IPR019888.tree ...

NOTE: 2 MB RAM (0 GB) is required!
Measuring multi-threading efficiency up to 12 CPU cores
Increase to 10 rounds for branch lengths
262 trees examined
Threads: 1 / Time: 12.004 sec / Speedup: 1.000 / Efficiency: 100% / LogL: -25985
Threads: 2 / Time: 16.832 sec / Speedup: 0.713 / Efficiency: 36% / LogL: -25985
BEST NUMBER OF THREADS: 1

Estimate model parameters (epsilon = 0.010)
1. Initial log-likelihood: -17277.586
Optimal log-likelihood: -17234.810
Parameters optimization took 1 rounds (0.023 sec)
Wrote distance file to... 
BEST SCORE FOUND : -17234.810
Ancestral state probabilities printed to data/interim/asr_output/IPR019888_aligned.fasta.state
Total tree length: 36.431

Total number of iterations: 0
CPU time used for tree search: 0.000 sec (0h:0m:0s)
Wall-clock time used for tree search: 0.000 sec (0h:0m:0s)
Total CPU time used: 28.627 sec (0h:0m:28s)
Total wall-clock time used: 28.930 sec (0h:0m:28s)

Analysis results written to: 
  IQ-TREE report:                data/interim/asr_output/IPR019888_aligned.fasta.iqtree
  Maximum-likelihood tree:       data/interim/asr_output/IPR019888_aligned.fasta.treefile
  Ancestral state:               data/interim/asr_output/IPR019888_aligned.fasta.state
  Screen log file:               data/interim/asr_output/IPR019888_aligned.fasta.log

Date and Time: Mon Mar 30 14:36:51 2026
